2025-09-19 16:11:00,846 [INFO] Generating tests for: sample_module.py
2025-09-19 16:11:00,847 [INFO] Generated test code:
import sys, os
import pytest
sys.path.insert(0, os.path.abspath(os.path.join(os.path.dirname(__file__), '..')))
import sample_module

def test_hello():
    # TODO: Improve this test
    result = sample_module.hello()
    assert result is not None


def test_add():
    # TODO: Improve this test
    result = sample_module.add()
    assert result is not None

2025-09-19 16:11:00,848 [INFO] Tests written to tests\test_generated.py
2025-09-19 16:11:00,849 [INFO] Running pytest on tests\test_generated.py...
2025-09-19 16:11:01,119 [INFO] Pytest output:
.F                                                                       [100%]
================================== FAILURES ===================================
__________________________________ test_add ___________________________________

    def test_add():
        # TODO: Improve this test
>       result = sample_module.add()
                 ^^^^^^^^^^^^^^^^^^^
E       TypeError: add() missing 2 required positional arguments: 'a' and 'b'

tests\test_generated.py:14: TypeError
=========================== short test summary info ===========================
FAILED tests/test_generated.py::test_add - TypeError: add() missing 2 require...
1 failed, 1 passed in 0.02s

2025-09-19 16:11:01,120 [INFO] Test Summary: 1 failed, 1 passed in 0.02s
